<?xml version="1.0" encoding="UTF-8"?>
<!-- Generated by org.testng.reporters.JUnitReportReporter -->
<testsuite hostname="LAPTOP-QS2T60H5" failures="0" tests="1" name="GridDemo.Amazon" time="12.442" errors="0" timestamp="2023-02-09T04:20:20 EST" skipped="0">
  <testcase classname="GridDemo.Amazon" name="amzonLogin" time="12.442"/>
  <system-out/>
</testsuite> <!-- GridDemo.Amazon -->
